<?xml version="1.0" encoding="UTF-8"?>
<!-- Generated by org.testng.reporters.JUnitXMLReporter -->
<testsuite ignored="0" hostname="DESKTOP-RDLS5V0" failures="3" tests="11" name="Run on Chrome" time="30.836" errors="0" timestamp="26 Apr 2024 07:47:44 GMT">
  <testcase classname="com.hrm.employee.Level_19_Fake_Data" name="Employee_01_Add_New_Employee" time="21.673">
    <failure type="org.openqa.selenium.TimeoutException" message="Expected condition failed: waiting for element to be clickable: By.xpath: //nav[@aria-label=&amp;apos;Topbar Menu&amp;apos;]//a[text()=&amp;apos;Employee List&amp;apos;] (tried for 20 second(s) with 500 milliseconds interval)">
      <![CDATA[org.openqa.selenium.TimeoutException: Expected condition failed: waiting for element to be clickable: By.xpath: //nav[@aria-label='Topbar Menu']//a[text()='Employee List'] (tried for 20 second(s) with 500 milliseconds interval)
at org.openqa.selenium.support.ui.WebDriverWait.timeoutException(WebDriverWait.java:95)
at org.openqa.selenium.support.ui.FluentWait.until(FluentWait.java:272)
at commons.BasePage.waitForElementClickable(BasePage.java:486)
at commons.BasePage.openSingleSubMenuPage(BasePage.java:585)
at com.hrm.employee.Level_19_Fake_Data.Employee_01_Add_New_Employee(Level_19_Fake_Data.java:59)
Caused by: org.openqa.selenium.NoSuchElementException: no such element: Unable to locate element: {"method":"xpath","selector":"//nav[@aria-label='Topbar Menu']//a[text()='Employee List']"}
  (Session info: chrome=124.0.6367.92)
For documentation on this error, please visit: https://www.seleniumhq.org/exceptions/no_such_element.html
Build info: version: '3.141.59', revision: 'e82be7d358', time: '2018-11-14T08:17:03'
System info: host: 'DESKTOP-RDLS5V0', ip: '192.168.0.184', os.name: 'Windows 11', os.arch: 'amd64', os.version: '10.0', java.version: '21.0.2'
Driver info: org.openqa.selenium.chrome.ChromeDriver
Capabilities {acceptInsecureCerts: false, browserName: chrome, browserVersion: 124.0.6367.92, chrome: {chromedriverVersion: 124.0.6367.91 (51df0e5e17a8..., userDataDir: C:\Users\ADMIN\AppData\Loca...}, fedcm:accounts: true, goog:chromeOptions: {debuggerAddress: localhost:55935}, javascriptEnabled: true, networkConnectionEnabled: false, pageLoadStrategy: normal, platform: WINDOWS, platformName: WINDOWS, proxy: Proxy(), setWindowRect: true, strictFileInteractability: false, timeouts: {implicit: 0, pageLoad: 300000, script: 30000}, unhandledPromptBehavior: dismiss and notify, webauthn:extension:credBlob: true, webauthn:extension:largeBlob: true, webauthn:extension:minPinLength: true, webauthn:extension:prf: true, webauthn:virtualAuthenticators: true}
Session ID: e8c5898341e1bd87b332724ff9ef9e0a
*** Element info: {Using=xpath, value=//nav[@aria-label='Topbar Menu']//a[text()='Employee List']}
at org.openqa.selenium.remote.http.W3CHttpResponseCodec.createException(W3CHttpResponseCodec.java:187)
at org.openqa.selenium.remote.http.W3CHttpResponseCodec.decode(W3CHttpResponseCodec.java:122)
at org.openqa.selenium.remote.http.W3CHttpResponseCodec.decode(W3CHttpResponseCodec.java:49)
at org.openqa.selenium.remote.HttpCommandExecutor.execute(HttpCommandExecutor.java:158)
at org.openqa.selenium.remote.service.DriverCommandExecutor.execute(DriverCommandExecutor.java:83)
at org.openqa.selenium.remote.RemoteWebDriver.execute(RemoteWebDriver.java:552)
at org.openqa.selenium.remote.RemoteWebDriver.findElement(RemoteWebDriver.java:323)
at org.openqa.selenium.remote.RemoteWebDriver.findElementByXPath(RemoteWebDriver.java:428)
at org.openqa.selenium.By$ByXPath.findElement(By.java:353)
at org.openqa.selenium.remote.RemoteWebDriver.findElement(RemoteWebDriver.java:315)
at org.openqa.selenium.support.ui.ExpectedConditions$7.apply(ExpectedConditions.java:205)
at org.openqa.selenium.support.ui.ExpectedConditions$7.apply(ExpectedConditions.java:201)
at org.openqa.selenium.support.ui.ExpectedConditions$22.apply(ExpectedConditions.java:641)
at org.openqa.selenium.support.ui.ExpectedConditions$22.apply(ExpectedConditions.java:638)
at org.openqa.selenium.support.ui.FluentWait.until(FluentWait.java:249)
... 26 more
... Removed 26 stack frames]]>
    </failure>
  </testcase> <!-- Employee_01_Add_New_Employee -->
  <testcase classname="com.hrm.employee.Level_19_Fake_Data" name="Employee_02_Upload_Avatar" time="0.003">
    <failure type="java.lang.NullPointerException" message="Cannot invoke &amp;quot;pageObjects.hrm.EmployeeListPO.logoutToSystem(org.openqa.selenium.WebDriver)&amp;quot; because &amp;quot;this.employeeListPage&amp;quot; is null">
      <![CDATA[java.lang.NullPointerException: Cannot invoke "pageObjects.hrm.EmployeeListPO.logoutToSystem(org.openqa.selenium.WebDriver)" because "this.employeeListPage" is null
at com.hrm.employee.Level_19_Fake_Data.Employee_02_Upload_Avatar(Level_19_Fake_Data.java:111)
... Removed 23 stack frames]]>
    </failure>
  </testcase> <!-- Employee_02_Upload_Avatar -->
  <testcase classname="com.hrm.employee.Level_19_Fake_Data" name="Employee_03_Personal_Details" time="0.002">
    <failure type="java.lang.NullPointerException" message="Cannot invoke &amp;quot;pageObjects.hrm.MyInfoPO.openTabAtSideBarByName(String)&amp;quot; because &amp;quot;this.myInfoPage&amp;quot; is null">
      <![CDATA[java.lang.NullPointerException: Cannot invoke "pageObjects.hrm.MyInfoPO.openTabAtSideBarByName(String)" because "this.myInfoPage" is null
at com.hrm.employee.Level_19_Fake_Data.Employee_03_Personal_Details(Level_19_Fake_Data.java:135)
... Removed 23 stack frames]]>
    </failure>
  </testcase> <!-- Employee_03_Personal_Details -->
  <testcase classname="com.hrm.employee.Level_19_Fake_Data" name="Employee_04_Contact_Details" time="0.002"/>
  <testcase classname="com.hrm.employee.Level_19_Fake_Data" name="Employee_05_Emergency_Details" time="0.002"/>
  <testcase classname="com.hrm.employee.Level_19_Fake_Data" name="Employee_06_Assigned_Dependents" time="0.001"/>
  <testcase classname="com.hrm.employee.Level_19_Fake_Data" name="Employee_07_Edit_View_Job" time="0.001"/>
  <testcase classname="com.hrm.employee.Level_19_Fake_Data" name="Employee_08_Edit_View_Salary" time="0.002"/>
  <testcase classname="com.hrm.employee.Level_19_Fake_Data" name="Employee_09_Edit_View_Tax" time="0.002"/>
  <testcase classname="com.hrm.employee.Level_19_Fake_Data" name="Employee_10_Qualifications" time="0.002"/>
  <testcase classname="com.hrm.employee.Level_19_Fake_Data" name="Employee_11_Search_Employee" time="0.001"/>
</testsuite> <!-- Run on Chrome -->
